<?xml version="1.0" encoding="UTF-8"?>
<!-- Generated by org.testng.reporters.JUnitXMLReporter -->
<testsuite hostname="Samaila" failures="0" tests="2" name="Default test" time="5.477" errors="0" timestamp="31 Jan 2023 02:26:33 GMT">
  <testcase classname="com.psptech.unitech.testCases.Homepage_TC_001" name="TC_001_VerifyWebsiteTitle" time="0.039"/>
  <testcase classname="com.psptech.unitech.testCases.Homepage_TC_001" name="TC_002_HomePaheHeaderHomeButtonClick" time="0.682"/>
</testsuite> <!-- Default test -->
