<?xml version="1.0" encoding="UTF-8"?>
<testng-results total="2" passed="2" failed="0" skipped="0">
  <reporter-output>
  </reporter-output>
  <suite started-at="2023-01-31T02:26:27Z" name="Default suite" finished-at="2023-01-31T02:26:33Z" duration-ms="5477">
    <groups>
    </groups>
    <test started-at="2023-01-31T02:26:27Z" name="Default test" finished-at="2023-01-31T02:26:33Z" duration-ms="5477">
      <class name="com.psptech.unitech.testCases.Homepage_TC_001">
        <test-method is-config="true" signature="setUp()[pri:0, instance:com.psptech.unitech.testCases.Homepage_TC_001@4f32a3ad]" started-at="2023-01-30T21:26:27Z" name="setUp" finished-at="2023-01-30T21:26:32Z" duration-ms="4739" status="PASS">
          <reporter-output>
          </reporter-output>
        </test-method> <!-- setUp -->
        <test-method signature="TC_001_VerifyWebsiteTitle()[pri:0, instance:com.psptech.unitech.testCases.Homepage_TC_001@4f32a3ad]" started-at="2023-01-30T21:26:32Z" name="TC_001_VerifyWebsiteTitle" finished-at="2023-01-30T21:26:32Z" duration-ms="39" status="PASS">
          <reporter-output>
          </reporter-output>
        </test-method> <!-- TC_001_VerifyWebsiteTitle -->
        <test-method signature="TC_002_HomePaheHeaderHomeButtonClick()[pri:0, instance:com.psptech.unitech.testCases.Homepage_TC_001@4f32a3ad]" started-at="2023-01-30T21:26:32Z" name="TC_002_HomePaheHeaderHomeButtonClick" finished-at="2023-01-30T21:26:33Z" duration-ms="682" status="PASS">
          <reporter-output>
          </reporter-output>
        </test-method> <!-- TC_002_HomePaheHeaderHomeButtonClick -->
      </class> <!-- com.psptech.unitech.testCases.Homepage_TC_001 -->
    </test> <!-- Default test -->
  </suite> <!-- Default suite -->
</testng-results>
